# JRE version: OpenJDK Runtime Environment Temurin-21.0.7+6 (21.0.7+6) (build 21.0.7+6-LTS)
# Java VM: OpenJDK 64-Bit Server VM Temurin-21.0.7+6 (21.0.7+6-LTS, mixed mode, sharing, tiered, compressed oops, compressed class ptrs, parallel gc, windows-amd64)
GC Precious Log:
 CardTable entry size: 512
 CPUs: 12 total, 12 available
 Memory: 16106M
 Large Page Support: Disabled
 NUMA Support: Disabled
 Compressed Oops: Enabled (32-bit)
 Alignments: Space 512K, Generation 512K, Heap 2M
 Heap Min Capacity: 100M
 Heap Initial Capacity: 100M
 Heap Max Capacity: 1G
 Pre-touch: Disabled
 Parallel Workers: 10
Heap:
 PSYoungGen      total 2048K, used 1791K [0x00000000eab00000, 0x00000000eb000000, 0x0000000100000000)
  eden space 1536K, 99% used [0x00000000eab00000,0x00000000eac7fff0,0x00000000eac80000)
  from space 512K, 50% used [0x00000000eaf80000,0x00000000eafc0000,0x00000000eb000000)
  to   space 512K, 0% used [0x00000000eaf00000,0x00000000eaf00000,0x00000000eaf80000)
 ParOldGen       total 446976K, used 446502K [0x00000000c0000000, 0x00000000db480000, 0x00000000eab00000)
  object space 446976K, 99% used [0x00000000c0000000,0x00000000db409988,0x00000000db480000)
 Metaspace       used 86876K, committed 88384K, reserved 1179648K
  class space    used 8440K, committed 9088K, reserved 1048576K
GC Heap History (20 events):
Event: 17414.914 GC heap before
{Heap before GC invocations=6620 (full 11):
 PSYoungGen      total 4096K, used 3775K [0x00000000eab00000, 0x00000000eb400000, 0x0000000100000000)
  eden space 3584K, 99% used [0x00000000eab00000,0x00000000eae7ff58,0x00000000eae80000)
  from space 512K, 37% used [0x00000000eb380000,0x00000000eb3b0000,0x00000000eb400000)
  to   space 1536K, 0% used [0x00000000eb100000,0x00000000eb100000,0x00000000eb280000)
 ParOldGen       total 435200K, used 434821K [0x00000000c0000000, 0x00000000da900000, 0x00000000eab00000)
  object space 435200K, 99% used [0x00000000c0000000,0x00000000da8a16a8,0x00000000da900000)
 Metaspace       used 86070K, committed 87552K, reserved 1179648K
  class space    used 8345K, committed 9024K, reserved 1048576K
}
Event: 17414.916 GC heap after
{Heap after GC invocations=6620 (full 11):
 PSYoungGen      total 5120K, used 480K [0x00000000eab00000, 0x00000000eb400000, 0x0000000100000000)
  eden space 3584K, 0% used [0x00000000eab00000,0x00000000eab00000,0x00000000eae80000)
  from space 1536K, 31% used [0x00000000eb100000,0x00000000eb178000,0x00000000eb280000)
  to   space 1024K, 0% used [0x00000000eb300000,0x00000000eb300000,0x00000000eb400000)
 ParOldGen       total 435200K, used 434885K [0x00000000c0000000, 0x00000000da900000, 0x00000000eab00000)
  object space 435200K, 99% used [0x00000000c0000000,0x00000000da8b16a8,0x00000000da900000)
 Metaspace       used 86070K, committed 87552K, reserved 1179648K
  class space    used 8345K, committed 9024K, reserved 1048576K
}
Event: 17418.762 GC heap before
{Heap before GC invocations=6621 (full 11):
 PSYoungGen      total 5120K, used 4064K [0x00000000eab00000, 0x00000000eb400000, 0x0000000100000000)
  eden space 3584K, 100% used [0x00000000eab00000,0x00000000eae80000,0x00000000eae80000)
  from space 1536K, 31% used [0x00000000eb100000,0x00000000eb178000,0x00000000eb280000)
  to   space 1024K, 0% used [0x00000000eb300000,0x00000000eb300000,0x00000000eb400000)
 ParOldGen       total 435200K, used 434885K [0x00000000c0000000, 0x00000000da900000, 0x00000000eab00000)
  object space 435200K, 99% used [0x00000000c0000000,0x00000000da8b16a8,0x00000000da900000)
 Metaspace       used 86070K, committed 87552K, reserved 1179648K
  class space    used 8345K, committed 9024K, reserved 1048576K
}
Event: 17418.765 GC heap after
{Heap after GC invocations=6621 (full 11):
 PSYoungGen      total 4608K, used 1019K [0x00000000eab00000, 0x00000000eb580000, 0x0000000100000000)
  eden space 3584K, 0% used [0x00000000eab00000,0x00000000eab00000,0x00000000eae80000)
  from space 1024K, 99% used [0x00000000eb300000,0x00000000eb3fecd0,0x00000000eb400000)
  to   space 3584K, 0% used [0x00000000eae80000,0x00000000eae80000,0x00000000eb200000)
 ParOldGen       total 437248K, used 436869K [0x00000000c0000000, 0x00000000dab00000, 0x00000000eab00000)
  object space 437248K, 99% used [0x00000000c0000000,0x00000000daaa16a8,0x00000000dab00000)
 Metaspace       used 86070K, committed 87552K, reserved 1179648K
  class space    used 8345K, committed 9024K, reserved 1048576K
}
Event: 17418.772 GC heap before
{Heap before GC invocations=6622 (full 11):
 PSYoungGen      total 4608K, used 4603K [0x00000000eab00000, 0x00000000eb580000, 0x0000000100000000)
  eden space 3584K, 100% used [0x00000000eab00000,0x00000000eae80000,0x00000000eae80000)
  from space 1024K, 99% used [0x00000000eb300000,0x00000000eb3fecd0,0x00000000eb400000)
  to   space 3584K, 0% used [0x00000000eae80000,0x00000000eae80000,0x00000000eb200000)
 ParOldGen       total 437248K, used 436869K [0x00000000c0000000, 0x00000000dab00000, 0x00000000eab00000)
  object space 437248K, 99% used [0x00000000c0000000,0x00000000daaa16a8,0x00000000dab00000)
 Metaspace       used 86070K, committed 87552K, reserved 1179648K
  class space    used 8345K, committed 9024K, reserved 1048576K
}
Event: 17418.775 GC heap after
{Heap after GC invocations=6622 (full 11):
 PSYoungGen      total 7168K, used 3344K [0x00000000eab00000, 0x00000000eb580000, 0x0000000100000000)
  eden space 3584K, 0% used [0x00000000eab00000,0x00000000eab00000,0x00000000eae80000)
  from space 3584K, 93% used [0x00000000eae80000,0x00000000eb1c4000,0x00000000eb200000)
  to   space 3584K, 0% used [0x00000000eb200000,0x00000000eb200000,0x00000000eb580000)
 ParOldGen       total 438272K, used 438180K [0x00000000c0000000, 0x00000000dac00000, 0x00000000eab00000)
  object space 438272K, 99% used [0x00000000c0000000,0x00000000dabe9278,0x00000000dac00000)
 Metaspace       used 86070K, committed 87552K, reserved 1179648K
  class space    used 8345K, committed 9024K, reserved 1048576K
}
Event: 17418.796 GC heap before
{Heap before GC invocations=6623 (full 11):
 PSYoungGen      total 7168K, used 6928K [0x00000000eab00000, 0x00000000eb580000, 0x0000000100000000)
  eden space 3584K, 100% used [0x00000000eab00000,0x00000000eae80000,0x00000000eae80000)
  from space 3584K, 93% used [0x00000000eae80000,0x00000000eb1c4000,0x00000000eb200000)
  to   space 3584K, 0% used [0x00000000eb200000,0x00000000eb200000,0x00000000eb580000)
 ParOldGen       total 438272K, used 438180K [0x00000000c0000000, 0x00000000dac00000, 0x00000000eab00000)
  object space 438272K, 99% used [0x00000000c0000000,0x00000000dabe9278,0x00000000dac00000)
 Metaspace       used 86070K, committed 87552K, reserved 1179648K
  class space    used 8345K, committed 9024K, reserved 1048576K
}
Event: 17418.801 GC heap after
{Heap after GC invocations=6623 (full 11):
 PSYoungGen      total 4096K, used 3561K [0x00000000eab00000, 0x00000000ebc80000, 0x0000000100000000)
  eden space 512K, 0% used [0x00000000eab00000,0x00000000eab00000,0x00000000eab80000)
  from space 3584K, 99% used [0x00000000eb200000,0x00000000eb57a710,0x00000000eb580000)
  to   space 6656K, 0% used [0x00000000eab80000,0x00000000eab80000,0x00000000eb200000)
 ParOldGen       total 441344K, used 441156K [0x00000000c0000000, 0x00000000daf00000, 0x00000000eab00000)
  object space 441344K, 99% used [0x00000000c0000000,0x00000000daed1278,0x00000000daf00000)
 Metaspace       used 86070K, committed 87552K, reserved 1179648K
  class space    used 8345K, committed 9024K, reserved 1048576K
}
Event: 17418.803 GC heap before
{Heap before GC invocations=6624 (full 11):
 PSYoungGen      total 4096K, used 4073K [0x00000000eab00000, 0x00000000ebc80000, 0x0000000100000000)
  eden space 512K, 100% used [0x00000000eab00000,0x00000000eab80000,0x00000000eab80000)
  from space 3584K, 99% used [0x00000000eb200000,0x00000000eb57a710,0x00000000eb580000)
  to   space 6656K, 0% used [0x00000000eab80000,0x00000000eab80000,0x00000000eb200000)
 ParOldGen       total 441344K, used 441156K [0x00000000c0000000, 0x00000000daf00000, 0x00000000eab00000)
  object space 441344K, 99% used [0x00000000c0000000,0x00000000daed1278,0x00000000daf00000)
 Metaspace       used 86070K, committed 87552K, reserved 1179648K
  class space    used 8345K, committed 9024K, reserved 1048576K
}
Event: 17418.807 GC heap after
{Heap after GC invocations=6624 (full 11):
 PSYoungGen      total 1536K, used 640K [0x00000000eab00000, 0x00000000eb280000, 0x0000000100000000)
  eden space 512K, 0% used [0x00000000eab00000,0x00000000eab00000,0x00000000eab80000)
  from space 1024K, 62% used [0x00000000eab80000,0x00000000eac20000,0x00000000eac80000)
  to   space 3072K, 0% used [0x00000000eaf80000,0x00000000eaf80000,0x00000000eb280000)
 ParOldGen       total 444928K, used 444734K [0x00000000c0000000, 0x00000000db280000, 0x00000000eab00000)
  object space 444928K, 99% used [0x00000000c0000000,0x00000000db24f988,0x00000000db280000)
 Metaspace       used 86070K, committed 87552K, reserved 1179648K
  class space    used 8345K, committed 9024K, reserved 1048576K
}
Event: 17418.810 GC heap before
{Heap before GC invocations=6625 (full 11):
 PSYoungGen      total 1536K, used 1152K [0x00000000eab00000, 0x00000000eb280000, 0x0000000100000000)
  eden space 512K, 100% used [0x00000000eab00000,0x00000000eab80000,0x00000000eab80000)
  from space 1024K, 62% used [0x00000000eab80000,0x00000000eac20000,0x00000000eac80000)
  to   space 3072K, 0% used [0x00000000eaf80000,0x00000000eaf80000,0x00000000eb280000)
 ParOldGen       total 444928K, used 444734K [0x00000000c0000000, 0x00000000db280000, 0x00000000eab00000)
  object space 444928K, 99% used [0x00000000c0000000,0x00000000db24f988,0x00000000db280000)
 Metaspace       used 86070K, committed 87552K, reserved 1179648K
  class space    used 8345K, committed 9024K, reserved 1048576K
}
Event: 17418.813 GC heap after
{Heap after GC invocations=6625 (full 11):
 PSYoungGen      total 2048K, used 596K [0x00000000eab00000, 0x00000000eb080000, 0x0000000100000000)
  eden space 1024K, 0% used [0x00000000eab00000,0x00000000eab00000,0x00000000eac00000)
  from space 1024K, 58% used [0x00000000eaf80000,0x00000000eb015000,0x00000000eb080000)
  to   space 1024K, 0% used [0x00000000eae80000,0x00000000eae80000,0x00000000eaf80000)
 ParOldGen       total 445440K, used 445254K [0x00000000c0000000, 0x00000000db300000, 0x00000000eab00000)
  object space 445440K, 99% used [0x00000000c0000000,0x00000000db2d1988,0x00000000db300000)
 Metaspace       used 86070K, committed 87552K, reserved 1179648K
  class space    used 8345K, committed 9024K, reserved 1048576K
}
Event: 17418.856 GC heap before
{Heap before GC invocations=6626 (full 11):
 PSYoungGen      total 2048K, used 1619K [0x00000000eab00000, 0x00000000eb080000, 0x0000000100000000)
  eden space 1024K, 99% used [0x00000000eab00000,0x00000000eabffff0,0x00000000eac00000)
  from space 1024K, 58% used [0x00000000eaf80000,0x00000000eb015000,0x00000000eb080000)
  to   space 1024K, 0% used [0x00000000eae80000,0x00000000eae80000,0x00000000eaf80000)
 ParOldGen       total 445440K, used 445254K [0x00000000c0000000, 0x00000000db300000, 0x00000000eab00000)
  object space 445440K, 99% used [0x00000000c0000000,0x00000000db2d1988,0x00000000db300000)
 Metaspace       used 86070K, committed 87552K, reserved 1179648K
  class space    used 8345K, committed 9024K, reserved 1048576K
}
Event: 17418.859 GC heap after
{Heap after GC invocations=6626 (full 11):
 PSYoungGen      total 2560K, used 944K [0x00000000eab00000, 0x00000000eb000000, 0x0000000100000000)
  eden space 1536K, 0% used [0x00000000eab00000,0x00000000eab00000,0x00000000eac80000)
  from space 1024K, 92% used [0x00000000eae80000,0x00000000eaf6c000,0x00000000eaf80000)
  to   space 512K, 0% used [0x00000000eaf80000,0x00000000eaf80000,0x00000000eb000000)
 ParOldGen       total 445952K, used 445606K [0x00000000c0000000, 0x00000000db380000, 0x00000000eab00000)
  object space 445952K, 99% used [0x00000000c0000000,0x00000000db329988,0x00000000db380000)
 Metaspace       used 86070K, committed 87552K, reserved 1179648K
  class space    used 8345K, committed 9024K, reserved 1048576K
}
Event: 17437.427 GC heap before
{Heap before GC invocations=6627 (full 11):
 PSYoungGen      total 2560K, used 2480K [0x00000000eab00000, 0x00000000eb000000, 0x0000000100000000)
  eden space 1536K, 100% used [0x00000000eab00000,0x00000000eac80000,0x00000000eac80000)
  from space 1024K, 92% used [0x00000000eae80000,0x00000000eaf6c000,0x00000000eaf80000)
  to   space 512K, 0% used [0x00000000eaf80000,0x00000000eaf80000,0x00000000eb000000)
 ParOldGen       total 445952K, used 445606K [0x00000000c0000000, 0x00000000db380000, 0x00000000eab00000)
  object space 445952K, 99% used [0x00000000c0000000,0x00000000db329988,0x00000000db380000)
 Metaspace       used 86177K, committed 87680K, reserved 1179648K
  class space    used 8366K, committed 9024K, reserved 1048576K
}
Event: 17437.430 GC heap after
{Heap after GC invocations=6627 (full 11):
 PSYoungGen      total 2048K, used 256K [0x00000000eab00000, 0x00000000eb000000, 0x0000000100000000)
  eden space 1536K, 0% used [0x00000000eab00000,0x00000000eab00000,0x00000000eac80000)
  from space 512K, 50% used [0x00000000eaf80000,0x00000000eafc0000,0x00000000eb000000)
  to   space 512K, 0% used [0x00000000eaf00000,0x00000000eaf00000,0x00000000eaf80000)
 ParOldGen       total 446464K, used 446366K [0x00000000c0000000, 0x00000000db400000, 0x00000000eab00000)
  object space 446464K, 99% used [0x00000000c0000000,0x00000000db3e7988,0x00000000db400000)
 Metaspace       used 86177K, committed 87680K, reserved 1179648K
  class space    used 8366K, committed 9024K, reserved 1048576K
}
Event: 17437.486 GC heap before
{Heap before GC invocations=6628 (full 11):
 PSYoungGen      total 2048K, used 1792K [0x00000000eab00000, 0x00000000eb000000, 0x0000000100000000)
  eden space 1536K, 100% used [0x00000000eab00000,0x00000000eac80000,0x00000000eac80000)
  from space 512K, 50% used [0x00000000eaf80000,0x00000000eafc0000,0x00000000eb000000)
  to   space 512K, 0% used [0x00000000eaf00000,0x00000000eaf00000,0x00000000eaf80000)
 ParOldGen       total 446464K, used 446366K [0x00000000c0000000, 0x00000000db400000, 0x00000000eab00000)
  object space 446464K, 99% used [0x00000000c0000000,0x00000000db3e7988,0x00000000db400000)
 Metaspace       used 86381K, committed 87872K, reserved 1179648K
  class space    used 8398K, committed 9024K, reserved 1048576K
}
Event: 17437.487 GC heap after
{Heap after GC invocations=6628 (full 11):
 PSYoungGen      total 2048K, used 256K [0x00000000eab00000, 0x00000000eb000000, 0x0000000100000000)
  eden space 1536K, 0% used [0x00000000eab00000,0x00000000eab00000,0x00000000eac80000)
  from space 512K, 50% used [0x00000000eaf00000,0x00000000eaf40000,0x00000000eaf80000)
  to   space 512K, 0% used [0x00000000eaf80000,0x00000000eaf80000,0x00000000eb000000)
 ParOldGen       total 446464K, used 446446K [0x00000000c0000000, 0x00000000db400000, 0x00000000eab00000)
  object space 446464K, 99% used [0x00000000c0000000,0x00000000db3fb988,0x00000000db400000)
 Metaspace       used 86381K, committed 87872K, reserved 1179648K
  class space    used 8398K, committed 9024K, reserved 1048576K
}
Event: 17437.533 GC heap before
{Heap before GC invocations=6629 (full 11):
 PSYoungGen      total 2048K, used 1787K [0x00000000eab00000, 0x00000000eb000000, 0x0000000100000000)
  eden space 1536K, 99% used [0x00000000eab00000,0x00000000eac7ed68,0x00000000eac80000)
  from space 512K, 50% used [0x00000000eaf00000,0x00000000eaf40000,0x00000000eaf80000)
  to   space 512K, 0% used [0x00000000eaf80000,0x00000000eaf80000,0x00000000eb000000)
 ParOldGen       total 446464K, used 446446K [0x00000000c0000000, 0x00000000db400000, 0x00000000eab00000)
  object space 446464K, 99% used [0x00000000c0000000,0x00000000db3fb988,0x00000000db400000)
 Metaspace       used 86648K, committed 88192K, reserved 1179648K
  class space    used 8421K, committed 9088K, reserved 1048576K
}
Event: 17437.535 GC heap after
{Heap after GC invocations=6629 (full 11):
 PSYoungGen      total 2048K, used 256K [0x00000000eab00000, 0x00000000eb000000, 0x0000000100000000)
  eden space 1536K, 0% used [0x00000000eab00000,0x00000000eab00000,0x00000000eac80000)
  from space 512K, 50% used [0x00000000eaf80000,0x00000000eafc0000,0x00000000eb000000)
  to   space 512K, 0% used [0x00000000eaf00000,0x00000000eaf00000,0x00000000eaf80000)
 ParOldGen       total 446976K, used 446502K [0x00000000c0000000, 0x00000000db480000, 0x00000000eab00000)
  object space 446976K, 99% used [0x00000000c0000000,0x00000000db409988,0x00000000db480000)
 Metaspace       used 86648K, committed 88192K, reserved 1179648K
  class space    used 8421K, committed 9088K, reserved 1048576K
}

