# JRE version: OpenJDK Runtime Environment Temurin-21.0.7+6 (21.0.7+6) (build 21.0.7+6-LTS)
# Java VM: OpenJDK 64-Bit Server VM Temurin-21.0.7+6 (21.0.7+6-LTS, mixed mode, sharing, tiered, compressed oops, compressed class ptrs, parallel gc, windows-amd64)
GC Precious Log:
 CardTable entry size: 512
 CPUs: 12 total, 12 available
 Memory: 16106M
 Large Page Support: Disabled
 NUMA Support: Disabled
 Compressed Oops: Enabled (32-bit)
 Alignments: Space 512K, Generation 512K, Heap 2M
 Heap Min Capacity: 100M
 Heap Initial Capacity: 100M
 Heap Max Capacity: 1G
 Pre-touch: Disabled
 Parallel Workers: 10
Heap:
 PSYoungGen      total 2560K, used 1595K [0x00000000eab00000, 0x00000000eaf00000, 0x0000000100000000)
  eden space 2048K, 54% used [0x00000000eab00000,0x00000000eac16d98,0x00000000ead00000)
  from space 512K, 93% used [0x00000000eae80000,0x00000000eaef8000,0x00000000eaf00000)
  to   space 1024K, 0% used [0x00000000ead00000,0x00000000ead00000,0x00000000eae00000)
 ParOldGen       total 605184K, used 605129K [0x00000000c0000000, 0x00000000e4f00000, 0x00000000eab00000)
  object space 605184K, 99% used [0x00000000c0000000,0x00000000e4ef24f0,0x00000000e4f00000)
 Metaspace       used 86166K, committed 87616K, reserved 1179648K
  class space    used 8374K, committed 9024K, reserved 1048576K
GC Heap History (20 events):
Event: 5250.000 GC heap before
{Heap before GC invocations=3731 (full 7):
 PSYoungGen      total 2048K, used 1856K [0x00000000eab00000, 0x00000000eae80000, 0x0000000100000000)
  eden space 1536K, 100% used [0x00000000eab00000,0x00000000eac80000,0x00000000eac80000)
  from space 512K, 62% used [0x00000000ead80000,0x00000000eadd0000,0x00000000eae00000)
  to   space 512K, 0% used [0x00000000eae00000,0x00000000eae00000,0x00000000eae80000)
 ParOldGen       total 599552K, used 599354K [0x00000000c0000000, 0x00000000e4980000, 0x00000000eab00000)
  object space 599552K, 99% used [0x00000000c0000000,0x00000000e494eb50,0x00000000e4980000)
 Metaspace       used 86165K, committed 87616K, reserved 1179648K
  class space    used 8374K, committed 9024K, reserved 1048576K
}
Event: 5250.001 GC heap after
{Heap after GC invocations=3731 (full 7):
 PSYoungGen      total 2048K, used 224K [0x00000000eab00000, 0x00000000eae80000, 0x0000000100000000)
  eden space 1536K, 0% used [0x00000000eab00000,0x00000000eab00000,0x00000000eac80000)
  from space 512K, 43% used [0x00000000eae00000,0x00000000eae38000,0x00000000eae80000)
  to   space 512K, 0% used [0x00000000ead80000,0x00000000ead80000,0x00000000eae00000)
 ParOldGen       total 599552K, used 599426K [0x00000000c0000000, 0x00000000e4980000, 0x00000000eab00000)
  object space 599552K, 99% used [0x00000000c0000000,0x00000000e4960b50,0x00000000e4980000)
 Metaspace       used 86165K, committed 87616K, reserved 1179648K
  class space    used 8374K, committed 9024K, reserved 1048576K
}
Event: 5250.190 GC heap before
{Heap before GC invocations=3732 (full 7):
 PSYoungGen      total 2048K, used 1759K [0x00000000eab00000, 0x00000000eae80000, 0x0000000100000000)
  eden space 1536K, 99% used [0x00000000eab00000,0x00000000eac7fff0,0x00000000eac80000)
  from space 512K, 43% used [0x00000000eae00000,0x00000000eae38000,0x00000000eae80000)
  to   space 512K, 0% used [0x00000000ead80000,0x00000000ead80000,0x00000000eae00000)
 ParOldGen       total 599552K, used 599426K [0x00000000c0000000, 0x00000000e4980000, 0x00000000eab00000)
  object space 599552K, 99% used [0x00000000c0000000,0x00000000e4960b50,0x00000000e4980000)
 Metaspace       used 86165K, committed 87616K, reserved 1179648K
  class space    used 8374K, committed 9024K, reserved 1048576K
}
Event: 5250.191 GC heap after
{Heap after GC invocations=3732 (full 7):
 PSYoungGen      total 2048K, used 288K [0x00000000eab00000, 0x00000000eae80000, 0x0000000100000000)
  eden space 1536K, 0% used [0x00000000eab00000,0x00000000eab00000,0x00000000eac80000)
  from space 512K, 56% used [0x00000000ead80000,0x00000000eadc8000,0x00000000eae00000)
  to   space 512K, 0% used [0x00000000eae00000,0x00000000eae00000,0x00000000eae80000)
 ParOldGen       total 599552K, used 599482K [0x00000000c0000000, 0x00000000e4980000, 0x00000000eab00000)
  object space 599552K, 99% used [0x00000000c0000000,0x00000000e496eb50,0x00000000e4980000)
 Metaspace       used 86165K, committed 87616K, reserved 1179648K
  class space    used 8374K, committed 9024K, reserved 1048576K
}
Event: 5250.270 GC heap before
{Heap before GC invocations=3733 (full 7):
 PSYoungGen      total 2048K, used 1824K [0x00000000eab00000, 0x00000000eae80000, 0x0000000100000000)
  eden space 1536K, 100% used [0x00000000eab00000,0x00000000eac80000,0x00000000eac80000)
  from space 512K, 56% used [0x00000000ead80000,0x00000000eadc8000,0x00000000eae00000)
  to   space 512K, 0% used [0x00000000eae00000,0x00000000eae00000,0x00000000eae80000)
 ParOldGen       total 599552K, used 599482K [0x00000000c0000000, 0x00000000e4980000, 0x00000000eab00000)
  object space 599552K, 99% used [0x00000000c0000000,0x00000000e496eb50,0x00000000e4980000)
 Metaspace       used 86165K, committed 87616K, reserved 1179648K
  class space    used 8374K, committed 9024K, reserved 1048576K
}
Event: 5250.272 GC heap after
{Heap after GC invocations=3733 (full 7):
 PSYoungGen      total 2048K, used 496K [0x00000000eab00000, 0x00000000eae80000, 0x0000000100000000)
  eden space 1536K, 0% used [0x00000000eab00000,0x00000000eab00000,0x00000000eac80000)
  from space 512K, 96% used [0x00000000eae00000,0x00000000eae7c010,0x00000000eae80000)
  to   space 1024K, 0% used [0x00000000eac80000,0x00000000eac80000,0x00000000ead80000)
 ParOldGen       total 599552K, used 599546K [0x00000000c0000000, 0x00000000e4980000, 0x00000000eab00000)
  object space 599552K, 99% used [0x00000000c0000000,0x00000000e497eb50,0x00000000e4980000)
 Metaspace       used 86165K, committed 87616K, reserved 1179648K
  class space    used 8374K, committed 9024K, reserved 1048576K
}
Event: 5250.444 GC heap before
{Heap before GC invocations=3734 (full 7):
 PSYoungGen      total 2048K, used 2032K [0x00000000eab00000, 0x00000000eae80000, 0x0000000100000000)
  eden space 1536K, 100% used [0x00000000eab00000,0x00000000eac80000,0x00000000eac80000)
  from space 512K, 96% used [0x00000000eae00000,0x00000000eae7c010,0x00000000eae80000)
  to   space 1024K, 0% used [0x00000000eac80000,0x00000000eac80000,0x00000000ead80000)
 ParOldGen       total 599552K, used 599546K [0x00000000c0000000, 0x00000000e4980000, 0x00000000eab00000)
  object space 599552K, 99% used [0x00000000c0000000,0x00000000e497eb50,0x00000000e4980000)
 Metaspace       used 86165K, committed 87616K, reserved 1179648K
  class space    used 8374K, committed 9024K, reserved 1048576K
}
Event: 5250.445 GC heap after
{Heap after GC invocations=3734 (full 7):
 PSYoungGen      total 2560K, used 384K [0x00000000eab00000, 0x00000000eae80000, 0x0000000100000000)
  eden space 1536K, 0% used [0x00000000eab00000,0x00000000eab00000,0x00000000eac80000)
  from space 1024K, 37% used [0x00000000eac80000,0x00000000eace0000,0x00000000ead80000)
  to   space 512K, 0% used [0x00000000eae00000,0x00000000eae00000,0x00000000eae80000)
 ParOldGen       total 600064K, used 599855K [0x00000000c0000000, 0x00000000e4a00000, 0x00000000eab00000)
  object space 600064K, 99% used [0x00000000c0000000,0x00000000e49cbfe0,0x00000000e4a00000)
 Metaspace       used 86165K, committed 87616K, reserved 1179648K
  class space    used 8374K, committed 9024K, reserved 1048576K
}
Event: 5250.449 GC heap before
{Heap before GC invocations=3735 (full 7):
 PSYoungGen      total 2560K, used 1920K [0x00000000eab00000, 0x00000000eae80000, 0x0000000100000000)
  eden space 1536K, 100% used [0x00000000eab00000,0x00000000eac80000,0x00000000eac80000)
  from space 1024K, 37% used [0x00000000eac80000,0x00000000eace0000,0x00000000ead80000)
  to   space 512K, 0% used [0x00000000eae00000,0x00000000eae00000,0x00000000eae80000)
 ParOldGen       total 600064K, used 599855K [0x00000000c0000000, 0x00000000e4a00000, 0x00000000eab00000)
  object space 600064K, 99% used [0x00000000c0000000,0x00000000e49cbfe0,0x00000000e4a00000)
 Metaspace       used 86165K, committed 87616K, reserved 1179648K
  class space    used 8374K, committed 9024K, reserved 1048576K
}
Event: 5250.450 GC heap after
{Heap after GC invocations=3735 (full 7):
 PSYoungGen      total 2048K, used 320K [0x00000000eab00000, 0x00000000eae80000, 0x0000000100000000)
  eden space 1536K, 0% used [0x00000000eab00000,0x00000000eab00000,0x00000000eac80000)
  from space 512K, 62% used [0x00000000eae00000,0x00000000eae50000,0x00000000eae80000)
  to   space 512K, 0% used [0x00000000ead80000,0x00000000ead80000,0x00000000eae00000)
 ParOldGen       total 600576K, used 600071K [0x00000000c0000000, 0x00000000e4a80000, 0x00000000eab00000)
  object space 600576K, 99% used [0x00000000c0000000,0x00000000e4a01fe0,0x00000000e4a80000)
 Metaspace       used 86165K, committed 87616K, reserved 1179648K
  class space    used 8374K, committed 9024K, reserved 1048576K
}
Event: 5250.545 GC heap before
{Heap before GC invocations=3736 (full 7):
 PSYoungGen      total 2048K, used 1856K [0x00000000eab00000, 0x00000000eae80000, 0x0000000100000000)
  eden space 1536K, 100% used [0x00000000eab00000,0x00000000eac80000,0x00000000eac80000)
  from space 512K, 62% used [0x00000000eae00000,0x00000000eae50000,0x00000000eae80000)
  to   space 512K, 0% used [0x00000000ead80000,0x00000000ead80000,0x00000000eae00000)
 ParOldGen       total 600576K, used 600071K [0x00000000c0000000, 0x00000000e4a80000, 0x00000000eab00000)
  object space 600576K, 99% used [0x00000000c0000000,0x00000000e4a01fe0,0x00000000e4a80000)
 Metaspace       used 86165K, committed 87616K, reserved 1179648K
  class space    used 8374K, committed 9024K, reserved 1048576K
}
Event: 5250.546 GC heap after
{Heap after GC invocations=3736 (full 7):
 PSYoungGen      total 2048K, used 400K [0x00000000eab00000, 0x00000000eae80000, 0x0000000100000000)
  eden space 1536K, 0% used [0x00000000eab00000,0x00000000eab00000,0x00000000eac80000)
  from space 512K, 78% used [0x00000000ead80000,0x00000000eade4010,0x00000000eae00000)
  to   space 512K, 0% used [0x00000000eae00000,0x00000000eae00000,0x00000000eae80000)
 ParOldGen       total 600576K, used 600167K [0x00000000c0000000, 0x00000000e4a80000, 0x00000000eab00000)
  object space 600576K, 99% used [0x00000000c0000000,0x00000000e4a19fe0,0x00000000e4a80000)
 Metaspace       used 86165K, committed 87616K, reserved 1179648K
  class space    used 8374K, committed 9024K, reserved 1048576K
}
Event: 5250.549 GC heap before
{Heap before GC invocations=3737 (full 7):
 PSYoungGen      total 2048K, used 1936K [0x00000000eab00000, 0x00000000eae80000, 0x0000000100000000)
  eden space 1536K, 100% used [0x00000000eab00000,0x00000000eac80000,0x00000000eac80000)
  from space 512K, 78% used [0x00000000ead80000,0x00000000eade4010,0x00000000eae00000)
  to   space 512K, 0% used [0x00000000eae00000,0x00000000eae00000,0x00000000eae80000)
 ParOldGen       total 600576K, used 600167K [0x00000000c0000000, 0x00000000e4a80000, 0x00000000eab00000)
  object space 600576K, 99% used [0x00000000c0000000,0x00000000e4a19fe0,0x00000000e4a80000)
 Metaspace       used 86165K, committed 87616K, reserved 1179648K
  class space    used 8374K, committed 9024K, reserved 1048576K
}
Event: 5250.550 GC heap after
{Heap after GC invocations=3737 (full 7):
 PSYoungGen      total 2048K, used 480K [0x00000000eab00000, 0x00000000eae80000, 0x0000000100000000)
  eden space 1536K, 0% used [0x00000000eab00000,0x00000000eab00000,0x00000000eac80000)
  from space 512K, 93% used [0x00000000eae00000,0x00000000eae78000,0x00000000eae80000)
  to   space 512K, 0% used [0x00000000ead80000,0x00000000ead80000,0x00000000eae00000)
 ParOldGen       total 600576K, used 600239K [0x00000000c0000000, 0x00000000e4a80000, 0x00000000eab00000)
  object space 600576K, 99% used [0x00000000c0000000,0x00000000e4a2bfe0,0x00000000e4a80000)
 Metaspace       used 86165K, committed 87616K, reserved 1179648K
  class space    used 8374K, committed 9024K, reserved 1048576K
}
Event: 5250.685 GC heap before
{Heap before GC invocations=3738 (full 7):
 PSYoungGen      total 2048K, used 2016K [0x00000000eab00000, 0x00000000eae80000, 0x0000000100000000)
  eden space 1536K, 100% used [0x00000000eab00000,0x00000000eac80000,0x00000000eac80000)
  from space 512K, 93% used [0x00000000eae00000,0x00000000eae78000,0x00000000eae80000)
  to   space 512K, 0% used [0x00000000ead80000,0x00000000ead80000,0x00000000eae00000)
 ParOldGen       total 600576K, used 600239K [0x00000000c0000000, 0x00000000e4a80000, 0x00000000eab00000)
  object space 600576K, 99% used [0x00000000c0000000,0x00000000e4a2bfe0,0x00000000e4a80000)
 Metaspace       used 86165K, committed 87616K, reserved 1179648K
  class space    used 8374K, committed 9024K, reserved 1048576K
}
Event: 5250.686 GC heap after
{Heap after GC invocations=3738 (full 7):
 PSYoungGen      total 2048K, used 496K [0x00000000eab00000, 0x00000000eae80000, 0x0000000100000000)
  eden space 1536K, 0% used [0x00000000eab00000,0x00000000eab00000,0x00000000eac80000)
  from space 512K, 96% used [0x00000000ead80000,0x00000000eadfc010,0x00000000eae00000)
  to   space 512K, 0% used [0x00000000eae00000,0x00000000eae00000,0x00000000eae80000)
 ParOldGen       total 600576K, used 600255K [0x00000000c0000000, 0x00000000e4a80000, 0x00000000eab00000)
  object space 600576K, 99% used [0x00000000c0000000,0x00000000e4a2ffe0,0x00000000e4a80000)
 Metaspace       used 86165K, committed 87616K, reserved 1179648K
  class space    used 8374K, committed 9024K, reserved 1048576K
}
Event: 5250.689 GC heap before
{Heap before GC invocations=3739 (full 7):
 PSYoungGen      total 2048K, used 2031K [0x00000000eab00000, 0x00000000eae80000, 0x0000000100000000)
  eden space 1536K, 99% used [0x00000000eab00000,0x00000000eac7ffd0,0x00000000eac80000)
  from space 512K, 96% used [0x00000000ead80000,0x00000000eadfc010,0x00000000eae00000)
  to   space 512K, 0% used [0x00000000eae00000,0x00000000eae00000,0x00000000eae80000)
 ParOldGen       total 600576K, used 600255K [0x00000000c0000000, 0x00000000e4a80000, 0x00000000eab00000)
  object space 600576K, 99% used [0x00000000c0000000,0x00000000e4a2ffe0,0x00000000e4a80000)
 Metaspace       used 86165K, committed 87616K, reserved 1179648K
  class space    used 8374K, committed 9024K, reserved 1048576K
}
Event: 5250.690 GC heap after
{Heap after GC invocations=3739 (full 7):
 PSYoungGen      total 2048K, used 512K [0x00000000eab00000, 0x00000000eae80000, 0x0000000100000000)
  eden space 1536K, 0% used [0x00000000eab00000,0x00000000eab00000,0x00000000eac80000)
  from space 512K, 100% used [0x00000000eae00000,0x00000000eae80000,0x00000000eae80000)
  to   space 1024K, 0% used [0x00000000eac80000,0x00000000eac80000,0x00000000ead80000)
 ParOldGen       total 600576K, used 600351K [0x00000000c0000000, 0x00000000e4a80000, 0x00000000eab00000)
  object space 600576K, 99% used [0x00000000c0000000,0x00000000e4a47ff0,0x00000000e4a80000)
 Metaspace       used 86165K, committed 87616K, reserved 1179648K
  class space    used 8374K, committed 9024K, reserved 1048576K
}
Event: 5251.196 GC heap before
{Heap before GC invocations=3740 (full 7):
 PSYoungGen      total 2048K, used 2047K [0x00000000eab00000, 0x00000000eae80000, 0x0000000100000000)
  eden space 1536K, 99% used [0x00000000eab00000,0x00000000eac7ff98,0x00000000eac80000)
  from space 512K, 100% used [0x00000000eae00000,0x00000000eae80000,0x00000000eae80000)
  to   space 1024K, 0% used [0x00000000eac80000,0x00000000eac80000,0x00000000ead80000)
 ParOldGen       total 600576K, used 600351K [0x00000000c0000000, 0x00000000e4a80000, 0x00000000eab00000)
  object space 600576K, 99% used [0x00000000c0000000,0x00000000e4a47ff0,0x00000000e4a80000)
 Metaspace       used 86166K, committed 87616K, reserved 1179648K
  class space    used 8374K, committed 9024K, reserved 1048576K
}
Event: 5251.197 GC heap after
{Heap after GC invocations=3740 (full 7):
 PSYoungGen      total 2560K, used 544K [0x00000000eab00000, 0x00000000eae80000, 0x0000000100000000)
  eden space 1536K, 0% used [0x00000000eab00000,0x00000000eab00000,0x00000000eac80000)
  from space 1024K, 53% used [0x00000000eac80000,0x00000000ead08000,0x00000000ead80000)
  to   space 1024K, 0% used [0x00000000ead80000,0x00000000ead80000,0x00000000eae80000)
 ParOldGen       total 601088K, used 600742K [0x00000000c0000000, 0x00000000e4b00000, 0x00000000eab00000)
  object space 601088K, 99% used [0x00000000c0000000,0x00000000e4aa9a30,0x00000000e4b00000)
 Metaspace       used 86166K, committed 87616K, reserved 1179648K
  class space    used 8374K, committed 9024K, reserved 1048576K
}

